#
# There is insufficient memory for the Java Runtime Environment to continue.
# Native memory allocation (mmap) failed to map 268435456 bytes for G1 virtual space
# Possible reasons:
#   The system is out of physical RAM or swap space
#   The process is running with CompressedOops enabled, and the Java Heap may be blocking the growth of the native heap
# Possible solutions:
#   Reduce memory load on the system
#   Increase physical memory or swap space
#   Check if swap backing store is full
#   Decrease Java heap size (-Xmx/-Xms)
#   Decrease number of Java threads
#   Decrease Java thread stack sizes (-Xss)
#   Set larger code cache with -XX:ReservedCodeCacheSize=
#   JVM is running with Unscaled Compressed Oops mode in which the Java heap is
#     placed in the first 4GB address space. The Java Heap base address is the
#     maximum limit for the native heap growth. Please use -XX:HeapBaseMinAddress
#     to set the Java Heap base and to place the Java Heap above 4GB virtual address.
# This output file may be truncated or incomplete.
#
#  Out of Memory Error (os_windows.cpp:3469), pid=10420, tid=10280
#
# JRE version:  (17.0.1+12) (build )
# Java VM: OpenJDK 64-Bit Server VM (17.0.1+12, mixed mode, sharing, tiered, compressed oops, compressed class ptrs, g1 gc, windows-amd64)
# No core dump will be written. Minidumps are not enabled by default on client versions of Windows
#

---------------  S U M M A R Y ------------

Command Line: -Dorg.gradle.internal.worker.tmpdir=C:\Users\anton\IdeaProjects\HyperMetro\HyperMetro\task\build\tmp\test\work -Dorg.gradle.native=false --add-opens=java.base/java.util=ALL-UNNAMED --add-opens=java.base/java.lang=ALL-UNNAMED -Xmx512m -Dfile.encoding=utf-8 -Duser.country=RU -Duser.language=ru -Duser.variant -ea worker.org.gradle.process.internal.worker.GradleWorkerMain 'Gradle Test Executor 3'

Host: Intel(R) Core(TM) i5-6500 CPU @ 3.20GHz, 4 cores, 15G,  Windows 10 , 64 bit Build 19041 (10.0.19041.1348)
Time: Sun Apr 10 20:08:01 2022 RTZ 2 (s 10 , 64 bit Build 19041 (10.0.19041.1348) elapsed time: 0.012759 seconds (0d 0h 0m 0s)

---------------  T H R E A D  ---------------

Current thread (0x0000026054371510):  JavaThread "Unknown thread" [_thread_in_vm, id=10280, stack(0x0000009cb1e00000,0x0000009cb1f00000)]

Stack: [0x0000009cb1e00000,0x0000009cb1f00000]
Native frames: (J=compiled Java code, j=interpreted, Vv=VM code, C=native code)
V  [jvm.dll+0x6744da]
V  [jvm.dll+0x82e144]
V  [jvm.dll+0x82f8ee]
V  [jvm.dll+0x82ff53]
V  [jvm.dll+0x245175]
V  [jvm.dll+0x6714c9]
V  [jvm.dll+0x665f92]
V  [jvm.dll+0x303c3b]
V  [jvm.dll+0x30b176]
V  [jvm.dll+0x35af1e]
V  [jvm.dll+0x35b14f]
V  [jvm.dll+0x2dab78]
V  [jvm.dll+0x2dbae4]
V  [jvm.dll+0x7ffdf1]
V  [jvm.dll+0x368c91]
V  [jvm.dll+0x7df2cc]
V  [jvm.dll+0x3eb59f]
V  [jvm.dll+0x3ed121]
C  [jli.dll+0x5277]
C  [ucrtbase.dll+0x21bb2]
C  [KERNEL32.DLL+0x17034]
C  [ntdll.dll+0x52651]


---------------  P R O C E S S  ---------------

Threads class SMR info:
_java_thread_list=0x00007ff91c4a4e58, length=0, elements={
}

Java Threads: ( => current thread )

Other Threads:
  0x0000026054398610 GCTaskThread "GC Thread#0" [stack: 0x0000009cb1f00000,0x0000009cb2000000] [id=4880]
  0x000002605439e460 ConcurrentGCThread "G1 Main Marker" [stack: 0x0000009cb2000000,0x0000009cb2100000] [id=3496]
  0x000002605439ed70 ConcurrentGCThread "G1 Conc#0" [stack: 0x0000009cb2100000,0x0000009cb2200000] [id=2832]

[error occurred during error reporting (printing all threads), id 0xc0000005, EXCEPTION_ACCESS_VIOLATION (0xc0000005) at pc=0x00007ff91bc7b5f7]

VM state: not at safepoint (not fully initialized)

VM Mutex/Monitor currently owned by a thread:  ([mutex/lock_event])
[0x000002605436d160] Heap_lock - owner thread: 0x0000026054371510

Heap address: 0x00000000e0000000, size: 512 MB, Compressed Oops mode: 32-bit

CDS archive(s) mapped at: [0x0000000000000000-0x0000000000000000-0x0000000000000000), size 0, SharedBaseAddress: 0x0000000800000000, ArchiveRelocationMode: 0.
Narrow klass base: 0x0000000000000000, Narrow klass shift: 0, Narrow klass range: 0x0

GC Precious Log:
<Empty>

Heap:
 garbage-first heap   total 0K, used 0K [0x00000000e0000000, 0x0000000100000000)
  region size 1024K, 0 young (0K), 0 survivors (0K)

[error occurred during error reporting (printing heap information), id 0xc0000005, EXCEPTION_ACCESS_VIOLATION (0xc0000005) at pc=0x00007ff91c05d729]

GC Heap History (0 events):
No events

Deoptimization events (0 events):
No events

Classes unloaded (0 events):
No events

Classes redefined (0 events):
No events

Internal exceptions (0 events):
No events

VM Operations (0 events):
No events

Events (1 events):
Event: 0.006 Loaded shared library C:\Users\anton\.gradle\jdks\jdk-17.0.1+12\bin\java.dll


Dynamic libraries:
0x00007ff7549e0000 - 0x00007ff7549ee000 	C:\Users\anton\.gradle\jdks\jdk-17.0.1+12\bin\java.exe
0x00007ff973a30000 - 0x00007ff973c25000 	C:\WINDOWS\SYSTEM32\ntdll.dll
0x00007ff9725d0000 - 0x00007ff97268e000 	C:\WINDOWS\System32\KERNEL32.DLL
0x00007ff971770000 - 0x00007ff971a38000 	C:\WINDOWS\System32\KERNELBASE.dll
0x00007ff971420000 - 0x00007ff971520000 	C:\WINDOWS\System32\ucrtbase.dll
0x00007ff95a2a0000 - 0x00007ff95a2b9000 	C:\Users\anton\.gradle\jdks\jdk-17.0.1+12\bin\VCRUNTIME140.dll
0x00007ff95a2c0000 - 0x00007ff95a2d8000 	C:\Users\anton\.gradle\jdks\jdk-17.0.1+12\bin\jli.dll
0x00007ff972350000 - 0x00007ff9724f1000 	C:\WINDOWS\System32\USER32.dll
0x00007ff971a40000 - 0x00007ff971a62000 	C:\WINDOWS\System32\win32u.dll
0x00007ff973700000 - 0x00007ff97372b000 	C:\WINDOWS\System32\GDI32.dll
0x00007ff971140000 - 0x00007ff97124d000 	C:\WINDOWS\System32\gdi32full.dll
0x00007ff9619f0000 - 0x00007ff961c8a000 	C:\WINDOWS\WinSxS\amd64_microsoft.windows.common-controls_6595b64144ccf1df_6.0.19041.1110_none_60b5254171f9507e\COMCTL32.dll
0x00007ff971520000 - 0x00007ff9715bd000 	C:\WINDOWS\System32\msvcp_win.dll
0x00007ff972a20000 - 0x00007ff972abe000 	C:\WINDOWS\System32\msvcrt.dll
0x00007ff972ff0000 - 0x00007ff973020000 	C:\WINDOWS\System32\IMM32.DLL
0x00007ff95a290000 - 0x00007ff95a29c000 	C:\Users\anton\.gradle\jdks\jdk-17.0.1+12\bin\vcruntime140_1.dll
0x00007ff9495e0000 - 0x00007ff949671000 	C:\Users\anton\.gradle\jdks\jdk-17.0.1+12\bin\msvcp140.dll
0x00007ff91b990000 - 0x00007ff91c5d6000 	C:\Users\anton\.gradle\jdks\jdk-17.0.1+12\bin\server\jvm.dll
0x00007ff973730000 - 0x00007ff9737dc000 	C:\WINDOWS\System32\ADVAPI32.dll
0x00007ff972ac0000 - 0x00007ff972b5b000 	C:\WINDOWS\System32\sechost.dll
0x00007ff972730000 - 0x00007ff97285a000 	C:\WINDOWS\System32\RPCRT4.dll
0x00007ff972860000 - 0x00007ff972868000 	C:\WINDOWS\System32\PSAPI.DLL
0x00007ff956b80000 - 0x00007ff956b89000 	C:\WINDOWS\SYSTEM32\WSOCK32.dll
0x00007ff973210000 - 0x00007ff97327b000 	C:\WINDOWS\System32\WS2_32.dll
0x00007ff969950000 - 0x00007ff969977000 	C:\WINDOWS\SYSTEM32\WINMM.dll
0x00007ff970c50000 - 0x00007ff970c5a000 	C:\WINDOWS\SYSTEM32\VERSION.dll
0x00007ff96efe0000 - 0x00007ff96eff2000 	C:\WINDOWS\SYSTEM32\kernel.appcore.dll
0x00007ff95a230000 - 0x00007ff95a23a000 	C:\Users\anton\.gradle\jdks\jdk-17.0.1+12\bin\jimage.dll
0x00007ff961c90000 - 0x00007ff961e74000 	C:\WINDOWS\SYSTEM32\DBGHELP.DLL
0x00007ff95f300000 - 0x00007ff95f32c000 	C:\WINDOWS\SYSTEM32\dbgcore.DLL
0x00007ff971250000 - 0x00007ff9712d2000 	C:\WINDOWS\System32\bcryptPrimitives.dll
0x00007ff95a200000 - 0x00007ff95a225000 	C:\Users\anton\.gradle\jdks\jdk-17.0.1+12\bin\java.dll

dbghelp: loaded successfully - version: 4.0.5 - missing functions: none
symbol engine: initialized successfully - sym options: 0x614 - pdb path: .;C:\Users\anton\.gradle\jdks\jdk-17.0.1+12\bin;C:\WINDOWS\SYSTEM32;C:\WINDOWS\WinSxS\amd64_microsoft.windows.common-controls_6595b64144ccf1df_6.0.19041.1110_none_60b5254171f9507e;C:\Users\anton\.gradle\jdks\jdk-17.0.1+12\bin\server

VM Arguments:
jvm_args: -Dorg.gradle.internal.worker.tmpdir=C:\Users\anton\IdeaProjects\HyperMetro\HyperMetro\task\build\tmp\test\work -Dorg.gradle.native=false --add-opens=java.base/java.util=ALL-UNNAMED --add-opens=java.base/java.lang=ALL-UNNAMED -Xmx512m -Dfile.encoding=utf-8 -Duser.country=RU -Duser.language=ru -Duser.variant -ea 
java_command: worker.org.gradle.process.internal.worker.GradleWorkerMain 'Gradle Test Executor 3'
java_class_path (initial): C:\\Users\\anton\\.gradle\\caches\\7.3.3\\workerMain\\gradle-worker.jar;C:\\Users\\anton\\IdeaProjects\\HyperMetro\\HyperMetro\\task\\build\\classes\\java\\test;C:\\Users\\anton\\IdeaProjects\\HyperMetro\\HyperMetro\\task\\build\\classes\\java\\main;C:\\Users\\anton\\.gradle\\caches\\modules-2\\files-2.1\\com.github.hyperskill\\hs-test\\release-SNAPSHOT\\9ba6b13f29957863e1a1165b4b8c99db1a1370ab\\hs-test-release-SNAPSHOT.jar;C:\\Users\\anton\\.gradle\\caches\\modules-2\\files-2.1\\com.google.code.gson\\gson\\2.9.0\\8a1167e089096758b49f9b34066ef98b2f4b37aa\\gson-2.9.0.jar;C:\\Users\\anton\\.gradle\\caches\\modules-2\\files-2.1\\org.assertj\\assertj-swing-junit\\3.9.2\\bfb268835c0e94cbe50bf0277864ff4f7467cb34\\assertj-swing-junit-3.9.2.jar;C:\\Users\\anton\\.gradle\\caches\\modules-2\\files-2.1\\junit\\junit\\4.12\\2973d150c0dc1fefe998f834810d68f278ea58ec\\junit-4.12.jar;C:\\Users\\anton\\.gradle\\caches\\modules-2\\files-2.1\\org.apache.httpcomponents\\httpclient\\4.5.9\\a25c1be5ce99d0ce99aa43eb982868c796dd0775\\httpclient-4.5.9.jar;C:\\Users\\anton\\.gradle\\caches\\modules-2\\files-2.1\\org.hamcrest\\hamcrest-core\\1.3\\42a25dc3219429f0e5d060061f71acb49bf010a0\\hamcrest-core-1.3.jar;C:\\Users\\anton\\.gradle\\caches\\modules-2\\files-2.1\\org.assertj\\assertj-swing\\3.9.2\\92bab05e4bd4523eebfdfaa7043e24c01ccb9486\\assertj-swing-3.9.2.jar;C:\\Users\\anton\\.gradle\\caches\\modules-2\\files-2.1\\org.easytesting\\fest-reflect\\1.4.1\\2b92d5275e92a49e16c7ce6bd7e46b9080db0530\\fest-reflect-1.4.1.jar;C:\\Users\\anton\\.gradle\\caches\\modules-2\\files-2.1\\org.apache.httpcomponents\\httpcore\\4.4.11\\de748cf874e4e193b42eceea9fe5574fabb9d4df\\httpcore-4.4.11.jar;C:\\Users\\anton\\.gradle\\caches\\modules-2\\files-2.1\\commons-logging\\commons-logging\\1.2\\4bfc12adfe4842bf07b657f0369c4cb522955686\\commons-logging-1.2.jar;C:\\Users\\anton\\.gradle\\caches\\modules-2\\files-2.1\\commons-codec\\commons-codec\\1.11\\3acb4705652e16236558f0f4f2192cc3
Launcher Type: SUN_STANDARD

[Global flags]
     intx CICompilerCount                          = 3                                         {product} {ergonomic}
     uint ConcGCThreads                            = 1                                         {product} {ergonomic}
     uint G1ConcRefinementThreads                  = 4                                         {product} {ergonomic}
   size_t G1HeapRegionSize                         = 1048576                                   {product} {ergonomic}
    uintx GCDrainStackTargetSize                   = 64                                        {product} {ergonomic}
   size_t InitialHeapSize                          = 268435456                                 {product} {ergonomic}
   size_t MarkStackSize                            = 4194304                                   {product} {ergonomic}
   size_t MaxHeapSize                              = 536870912                                 {product} {command line}
   size_t MinHeapDeltaBytes                        = 1048576                                   {product} {ergonomic}
   size_t MinHeapSize                              = 8388608                                   {product} {ergonomic}
    uintx NonNMethodCodeHeapSize                   = 5832780                                {pd product} {ergonomic}
    uintx NonProfiledCodeHeapSize                  = 122912730                              {pd product} {ergonomic}
    uintx ProfiledCodeHeapSize                     = 122912730                              {pd product} {ergonomic}
    uintx ReservedCodeCacheSize                    = 251658240                              {pd product} {ergonomic}
     bool SegmentedCodeCache                       = true                                      {product} {ergonomic}
   size_t SoftMaxHeapSize                          = 536870912                              {manageable} {ergonomic}
     bool UseCompressedClassPointers               = true                           {product lp64_product} {ergonomic}
     bool UseCompressedOops                        = true                           {product lp64_product} {ergonomic}
     bool UseG1GC                                  = true                                      {product} {ergonomic}
     bool UseLargePagesIndividualAllocation        = false                                  {pd product} {ergonomic}

Logging:
Log output configuration:
 #0: stdout all=warning uptime,level,tags
 #1: stderr all=off uptime,level,tags

Environment Variables:
JAVA_HOME=C:\Program Files\Java\jdk-11.0.10
PATH=C:\Program Files\Common Files\Oracle\Java\javapath;C:\Program Files\Ant\bin;C:\Program Files (x86)\Intel\iCLS Client\;C:\Program Files\Intel\iCLS Client\;C:\Windows\system32;C:\Windows;C:\Windows\System32\Wbem;C:\Windows\System32\WindowsPowerShell\v1.0\;C:\Windows\System32\OpenSSH\;C:\Program Files (x86)\NVIDIA Corporation\PhysX\Common;C:\Program Files\NVIDIA Corporation\NVIDIA NvDLISR;C:\Program Files (x86)\Intel\Intel(R) Management Engine Components\DAL;C:\Program Files\Intel\Intel(R) Management Engine Components\DAL;C:\Program Files (x86)\Intel\Intel(R) Management Engine Components\IPT;C:\Program Files\Intel\Intel(R) Management Engine Components\IPT;C:\Program Files\Java\jdk-11.0.10\bin;C:\WINDOWS\system32;C:\WINDOWS;C:\WINDOWS\System32\Wbem;C:\WINDOWS\System32\WindowsPowerShell\v1.0\;C:\WINDOWS\System32\OpenSSH\;C:\Program Files\PuTTY\;C:\Program Files\apache-maven-3.6.3\bin;C:\Program Files\Git\cmd;C:\Program Files\MySQL\MySQL Shell 8.0\bin\;C:\Users\anton\AppData\Local\Microsoft\WindowsApps;C:\Program Files (x86)\IntelliJ IDEA Community Edition 2019.1.3\bin;C:\Users\anton\AppData\Local\Microsoft\WindowsApps;C:\Users\anton\AppData\Local\Programs\Microsoft VS Code\bin;;C:\Program Files\JetBrains\IntelliJ IDEA 2021.1.1\bin;
USERNAME=anton
OS=Windows_NT
PROCESSOR_IDENTIFIER=Intel64 Family 6 Model 94 Stepping 3, GenuineIntel



---------------  S Y S T E M  ---------------

OS:
 Windows 10 , 64 bit Build 19041 (10.0.19041.1348)
OS uptime: 0 days 8:50 hours

CPU: total 4 (initial active 4) (4 cores per cpu, 1 threads per core) family 6 model 94 stepping 3 microcode 0xcc, cx8, cmov, fxsr, mmx, 3dnowpref, sse, sse2, sse3, ssse3, sse4.1, sse4.2, popcnt, lzcnt, tsc, tscinvbit, avx, avx2, aes, erms, clmul, bmi1, bmi2, rtm, adx, fma, vzeroupper, clflush, clflushopt

Memory: 4k page, system-wide physical 16330M (3070M free)
TotalPageFile size 16330M (AvailPageFile size 121M)
current process WorkingSet (physical memory assigned to process): 10M, peak: 10M
current process commit charge ("private bytes"): 51M, peak: 307M

vm_info: OpenJDK 64-Bit Server VM (17.0.1+12) for windows-amd64 JRE (17.0.1+12), built on Oct 20 2021 07:42:55 by "" with MS VC++ 16.7 (VS2019)

END.
